<?xml version="1.0" encoding="UTF-8"?>
<testsuite name="com.blz.day29.StateCensusAnalyserTest" tests="4" skipped="0" failures="0" errors="0" timestamp="2022-01-24T06:32:56" hostname="DESKTOP-DN56027" time="0.177">
  <properties/>
  <testcase name="given_IndiaCensusData_CsvFile_ShouldThrowException()" classname="com.blz.day29.StateCensusAnalyserTest" time="0.036"/>
  <testcase name="given_IndiaCensusData_WithWrongFile_ShoulThrewException()" classname="com.blz.day29.StateCensusAnalyserTest" time="0.132"/>
  <testcase name="given_IndiaCensusData_WithWrongDelimeter_ShoulThrowException()" classname="com.blz.day29.StateCensusAnalyserTest" time="0.003"/>
  <testcase name="givenCensusCsvFile_returnCorrectRecords()" classname="com.blz.day29.StateCensusAnalyserTest" time="0.002"/>
  <system-out><![CDATA[]]></system-out>
  <system-err><![CDATA[]]></system-err>
</testsuite>
